\BOOKMARK [0][-]{chapter.2}{\376\377\0001\000\040\000I\000n\000t\000r\000o\000d\000u\000\347\000\343\000o}{}% 1
\BOOKMARK [0][-]{chapter.3}{\376\377\0002\000\040\000E\000s\000t\000a\000d\000o\000\040\000d\000a\000\040\000a\000r\000t\000e\000\040\000d\000a\000s\000\040\000t\000e\000c\000n\000o\000l\000o\000g\000i\000a\000s\000\040\000d\000e\000\040\000c\000o\000m\000p\000u\000t\000a\000\347\000\343\000o\000\040\000n\000a\000\040\000n\000u\000v\000e\000m}{}% 2
\BOOKMARK [1][-]{section.4}{\376\377\0002\000.\0001\000\040\000O\000s\000\040\000v\000\341\000r\000i\000o\000s\000\040\000'\000p\000l\000a\000y\000e\000r\000s\000'\000\040\000n\000o\000\040\000m\000e\000r\000c\000a\000d\000o\000\040\000d\000a\000\040\000c\000o\000m\000p\000u\000t\000a\000\347\000\343\000o\000\040\000n\000a\000\040\000n\000u\000v\000e\000m}{chapter.3}% 3
\BOOKMARK [2][-]{subsection.5}{\376\377\0002\000.\0001\000.\0001\000\040\000A\000m\000a\000z\000o\000n\000\040\000A\000W\000S}{section.4}% 4
\BOOKMARK [2][-]{subsection.6}{\376\377\0002\000.\0001\000.\0002\000\040\000G\000o\000o\000g\000l\000e\000\040\000A\000p\000p\000\040\000E\000n\000g\000i\000n\000e}{section.4}% 5
\BOOKMARK [2][-]{subsection.7}{\376\377\0002\000.\0001\000.\0003\000\040\000W\000i\000n\000d\000o\000w\000s\000\040\000A\000z\000u\000r\000e}{section.4}% 6
\BOOKMARK [2][-]{subsection.8}{\376\377\0002\000.\0001\000.\0004\000\040\000N\000o\000d\000e\000j\000i\000t\000s\000u}{section.4}% 7
\BOOKMARK [0][-]{chapter.9}{\376\377\0003\000\040\000A\000r\000q\000u\000i\000t\000e\000c\000t\000u\000r\000a\000\040\000d\000a\000\040\000S\000o\000l\000u\000\347\000\343\000o}{}% 8
\BOOKMARK [1][-]{section.11}{\376\377\0003\000.\0001\000\040\000A\000r\000m\000a\000z\000e\000n\000a\000m\000e\000n\000t\000o\000\040\000d\000o\000s\000\040\000d\000a\000d\000o\000s\000\040\000d\000o\000s\000\040\000S\000e\000n\000s\000o\000r\000e\000s}{chapter.9}% 9
\BOOKMARK [1][-]{section.12}{\376\377\0003\000.\0002\000\040\000M\000a\000p\000-\000R\000e\000d\000u\000c\000e}{chapter.9}% 10
\BOOKMARK [2][-]{subsection.13}{\376\377\0003\000.\0002\000.\0001\000\040\000A\000n\000\341\000l\000i\000s\000e\000\040\000d\000e\000\040\000D\000e\000s\000e\000m\000p\000e\000n\000h\000o}{section.12}% 11
\BOOKMARK [1][-]{section.14}{\376\377\0003\000.\0003\000\040\000S\000i\000s\000t\000e\000m\000a\000s\000\040\000d\000e\000\040\000a\000r\000m\000a\000z\000e\000n\000a\000m\000e\000n\000t\000o\000\040\000n\000a\000\040\000C\000l\000o\000u\000d}{chapter.9}% 12
\BOOKMARK [1][-]{section.15}{\376\377\0003\000.\0004\000\040\000M\000o\000n\000g\000o\000D\000B\000\040\000V\000S\000\040\000D\000y\000n\000a\000m\000o\000D\000B}{chapter.9}% 13
\BOOKMARK [1][-]{section.16}{\376\377\0003\000.\0005\000\040\000S\000e\000r\000v\000i\000d\000o\000r\000\040\000W\000e\000b}{chapter.9}% 14
\BOOKMARK [1][-]{section.17}{\376\377\0003\000.\0006\000\040\000E\000l\000a\000s\000t\000i\000c\000\040\000L\000o\000a\000d\000\040\000B\000a\000l\000a\000n\000c\000e\000r\000\040\000e\000\040\000R\000o\000u\000t\000e\000\040\0005\0003}{chapter.9}% 15
\BOOKMARK [2][-]{subsection.19}{\376\377\0003\000.\0006\000.\0001\000\040\000C\000o\000n\000f\000i\000g\000u\000r\000a\000\347\000\343\000o\000\040\000d\000o\000\040\000L\000o\000a\000d\000\040\000B\000a\000l\000a\000n\000c\000e\000r}{section.17}% 16
\BOOKMARK [1][-]{section.20}{\376\377\0003\000.\0007\000\040\000A\000u\000t\000o\000-\000S\000c\000a\000l\000l\000i\000n\000g}{chapter.9}% 17
\BOOKMARK [2][-]{subsection.21}{\376\377\0003\000.\0007\000.\0001\000\040\000C\000o\000n\000f\000i\000g\000u\000r\000a\000\347\000\343\000o\000\040\000d\000o\000\040\000A\000u\000t\000o\000-\000S\000c\000a\000l\000l\000i\000n\000g}{section.20}% 18
\BOOKMARK [2][-]{subsection.77}{\376\377\0003\000.\0007\000.\0002\000\040\000L\000o\000a\000d\000\040\000S\000c\000r\000i\000p\000t}{section.20}% 19
\BOOKMARK [1][-]{section.80}{\376\377\0003\000.\0008\000\040\000A\000n\000\341\000l\000i\000s\000e\000\040\000d\000e\000\040\000P\000e\000r\000f\000o\000r\000m\000a\000n\000c\000e}{chapter.9}% 20
\BOOKMARK [2][-]{subsection.82}{\376\377\0003\000.\0008\000.\0001\000\040\000R\000a\000j\000a\000d\000a\000s\000\040\000m\000o\000m\000e\000n\000t\000\342\000n\000e\000a\000s}{section.80}% 21
\BOOKMARK [2][-]{subsection.90}{\376\377\0003\000.\0008\000.\0002\000\040\000R\000a\000j\000a\000d\000a\000s\000\040\000i\000n\000c\000r\000e\000m\000e\000n\000t\000a\000i\000s\000\040\000d\000u\000r\000a\000n\000t\000e\000\040\000u\000m\000\040\000c\000u\000r\000t\000o\000\040\000i\000n\000t\000e\000r\000v\000a\000l\000o}{section.80}% 22
\BOOKMARK [2][-]{subsection.91}{\376\377\0003\000.\0008\000.\0003\000\040\000U\000t\000i\000l\000i\000z\000a\000\347\000\343\000o\000\040\000v\000a\000r\000i\000\341\000v\000e\000l}{section.80}% 23
\BOOKMARK [0][-]{chapter.92}{\376\377\0004\000\040\000C\000o\000n\000c\000l\000u\000s\000\365\000e\000s}{}% 24
\BOOKMARK [0][-]{appendix.93}{\376\377\000A\000\040\000S\000c\000r\000i\000p\000t\000\040\000d\000e\000\040\000C\000o\000n\000f\000i\000g\000u\000r\000a\000\347\000\343\000o\000\040\000d\000o\000\040\000A\000u\000t\000o\000-\000S\000c\000a\000l\000i\000n\000g}{}% 25
